<?xml version="1.0" encoding="UTF-8"?>
<Site BuildName="(empty)"
	BuildStamp="20260127-2237-Experimental"
	Name="(empty)"
	Generator="ctest-4.2.2"
	CompilerName=""
	CompilerVersion=""
	OSName="macOS"
	Hostname="Mohameds-MacBook-Pro.local"
	OSRelease="26.1"
	OSVersion="25B78"
	OSPlatform="arm64"
	Is64Bits="1"
	VendorString="Apple"
	VendorID="Apple"
	FamilyID="0"
	ModelID="0"
	ModelName="Apple M1"
	ProcessorCacheSize="131072"
	NumberOfLogicalCPU="8"
	NumberOfPhysicalCPU="8"
	TotalVirtualMemory="5120"
	TotalPhysicalMemory="8192"
	LogicalProcessorsPerPhysical="8"
	ProcessorClockFrequency="0"
	>
	<Testing>
		<StartDateTime>Jan 27 23:37 +01</StartDateTime>
		<StartTestTime>1769553450</StartTestTime>
		<TestList/>
		<EndDateTime>Jan 27 23:37 +01</EndDateTime>
		<EndTestTime>1769553450</EndTestTime>
		<ElapsedMinutes>0</ElapsedMinutes>
	</Testing>
</Site>
